app/build/intermediates/manifest_merge_blame_file/debug/manifest-merger-blame-debug-report.txt
1<?xml version="1.0" encoding="utf-8"?>
2<manifest xmlns:android="http://schemas.android.com/apk/res/android"
3    package="com.example.myapplication"
4    android:versionCode="1"
5    android:versionName="1.0" >
6
7    <uses-sdk
8        android:minSdkVersion="16"
8-->src\main\AndroidManifest.xml
9        android:targetSdkVersion="28" />
9-->src\main\AndroidManifest.xml
10
11    <!-- Required permission for App measurement to run. -->
12    <uses-permission android:name="android.permission.INTERNET" />
12-->[com.google.android.gms:play-services-measurement:17.2.3] AndroidManifest.xml:23:5-67
12-->[com.google.android.gms:play-services-measurement:17.2.3] AndroidManifest.xml:23:22-64
13    <uses-permission android:name="android.permission.ACCESS_NETWORK_STATE" />
13-->[com.google.android.gms:play-services-measurement:17.2.3] AndroidManifest.xml:24:5-79
13-->[com.google.android.gms:play-services-measurement:17.2.3] AndroidManifest.xml:24:22-76
14    <uses-permission android:name="android.permission.WAKE_LOCK" />
14-->[com.google.android.gms:play-services-measurement:17.2.3] AndroidManifest.xml:25:5-68
14-->[com.google.android.gms:play-services-measurement:17.2.3] AndroidManifest.xml:25:22-65
15    <uses-permission android:name="com.google.android.finsky.permission.BIND_GET_INSTALL_REFERRER_SERVICE" /> <!-- Required by older versions of Google Play services to create IID tokens -->
15-->[com.google.android.gms:play-services-measurement:17.2.3] AndroidManifest.xml:26:5-110
15-->[com.google.android.gms:play-services-measurement:17.2.3] AndroidManifest.xml:26:22-107
16    <uses-permission android:name="com.google.android.c2dm.permission.RECEIVE" />
16-->[com.google.firebase:firebase-iid:20.0.2] AndroidManifest.xml:26:5-82
16-->[com.google.firebase:firebase-iid:20.0.2] AndroidManifest.xml:26:22-79
17
18    <application
18-->src\main\AndroidManifest.xml:5:5-39:19
19        android:allowBackup="true"
19-->src\main\AndroidManifest.xml:6:9-35
20        android:appComponentFactory="androidx.core.app.CoreComponentFactory"
20-->[androidx.core:core:1.2.0] AndroidManifest.xml:24:18-86
21        android:debuggable="true"
22        android:icon="@mipmap/ic_launcher"
22-->src\main\AndroidManifest.xml:7:9-43
23        android:label="@string/app_name"
23-->src\main\AndroidManifest.xml:8:9-41
24        android:roundIcon="@mipmap/ic_launcher_round"
24-->src\main\AndroidManifest.xml:9:9-54
25        android:supportsRtl="true"
25-->src\main\AndroidManifest.xml:10:9-35
26        android:testOnly="true"
27        android:theme="@style/AppTheme" >
27-->src\main\AndroidManifest.xml:11:9-40
28        <activity android:name="com.example.myapplication.Main_Page" />
28-->src\main\AndroidManifest.xml:12:9-56
28-->src\main\AndroidManifest.xml:12:19-44
29        <activity
29-->src\main\AndroidManifest.xml:13:9-15:39
30            android:name="com.example.myapplication.ResetLinkActivity"
30-->src\main\AndroidManifest.xml:14:13-46
31            android:exported="true" />
31-->src\main\AndroidManifest.xml:15:13-36
32        <activity
32-->src\main\AndroidManifest.xml:16:9-18:39
33            android:name="com.example.myapplication.ForgetPasswordActivity"
33-->src\main\AndroidManifest.xml:17:13-51
34            android:exported="true" />
34-->src\main\AndroidManifest.xml:18:13-36
35        <activity
35-->src\main\AndroidManifest.xml:19:9-21:39
36            android:name="com.example.myapplication.RegisterActivity"
36-->src\main\AndroidManifest.xml:20:13-45
37            android:exported="true" />
37-->src\main\AndroidManifest.xml:21:13-36
38        <activity android:name="com.example.myapplication.Login" >
38-->src\main\AndroidManifest.xml:22:9-28:20
38-->src\main\AndroidManifest.xml:22:19-40
39            <intent-filter>
39-->src\main\AndroidManifest.xml:23:13-27:29
40                <action android:name="android.intent.action.MAIN" />
40-->src\main\AndroidManifest.xml:24:17-69
40-->src\main\AndroidManifest.xml:24:25-66
41
42                <category android:name="android.intent.category.LAUNCHER" />
42-->src\main\AndroidManifest.xml:26:17-77
42-->src\main\AndroidManifest.xml:26:27-74
43            </intent-filter>
44        </activity>
45        <activity
45-->src\main\AndroidManifest.xml:29:9-38:20
46            android:name="com.example.myapplication.ScrollingActivity"
46-->src\main\AndroidManifest.xml:30:13-46
47            android:label="@string/app_name"
47-->src\main\AndroidManifest.xml:31:13-45
48            android:theme="@style/AppTheme.NoActionBar" >
48-->src\main\AndroidManifest.xml:32:13-56
49            <intent-filter>
49-->src\main\AndroidManifest.xml:23:13-27:29
50                <action android:name="android.intent.action.MAIN" />
50-->src\main\AndroidManifest.xml:24:17-69
50-->src\main\AndroidManifest.xml:24:25-66
51
52                <category android:name="android.intent.category.LAUNCHER" />
52-->src\main\AndroidManifest.xml:26:17-77
52-->src\main\AndroidManifest.xml:26:27-74
53            </intent-filter>
54        </activity>
55
56        <receiver
56-->[com.google.android.gms:play-services-measurement:17.2.3] AndroidManifest.xml:29:9-33:20
57            android:name="com.google.android.gms.measurement.AppMeasurementReceiver"
57-->[com.google.android.gms:play-services-measurement:17.2.3] AndroidManifest.xml:30:13-85
58            android:enabled="true"
58-->[com.google.android.gms:play-services-measurement:17.2.3] AndroidManifest.xml:31:13-35
59            android:exported="false" >
59-->[com.google.android.gms:play-services-measurement:17.2.3] AndroidManifest.xml:32:13-37
60        </receiver>
61        <receiver
61-->[com.google.android.gms:play-services-measurement:17.2.3] AndroidManifest.xml:34:9-42:20
62            android:name="com.google.android.gms.measurement.AppMeasurementInstallReferrerReceiver"
62-->[com.google.android.gms:play-services-measurement:17.2.3] AndroidManifest.xml:35:13-100
63            android:enabled="true"
63-->[com.google.android.gms:play-services-measurement:17.2.3] AndroidManifest.xml:36:13-35
64            android:exported="true"
64-->[com.google.android.gms:play-services-measurement:17.2.3] AndroidManifest.xml:37:13-36
65            android:permission="android.permission.INSTALL_PACKAGES" >
65-->[com.google.android.gms:play-services-measurement:17.2.3] AndroidManifest.xml:38:13-69
66            <intent-filter>
66-->[com.google.android.gms:play-services-measurement:17.2.3] AndroidManifest.xml:39:13-41:29
67                <action android:name="com.android.vending.INSTALL_REFERRER" />
67-->[com.google.android.gms:play-services-measurement:17.2.3] AndroidManifest.xml:40:17-79
67-->[com.google.android.gms:play-services-measurement:17.2.3] AndroidManifest.xml:40:25-76
68            </intent-filter>
69        </receiver>
70
71        <service
71-->[com.google.android.gms:play-services-measurement:17.2.3] AndroidManifest.xml:44:9-47:40
72            android:name="com.google.android.gms.measurement.AppMeasurementService"
72-->[com.google.android.gms:play-services-measurement:17.2.3] AndroidManifest.xml:45:13-84
73            android:enabled="true"
73-->[com.google.android.gms:play-services-measurement:17.2.3] AndroidManifest.xml:46:13-35
74            android:exported="false" />
74-->[com.google.android.gms:play-services-measurement:17.2.3] AndroidManifest.xml:47:13-37
75        <service
75-->[com.google.android.gms:play-services-measurement:17.2.3] AndroidManifest.xml:48:9-52:72
76            android:name="com.google.android.gms.measurement.AppMeasurementJobService"
76-->[com.google.android.gms:play-services-measurement:17.2.3] AndroidManifest.xml:49:13-87
77            android:enabled="true"
77-->[com.google.android.gms:play-services-measurement:17.2.3] AndroidManifest.xml:50:13-35
78            android:exported="false"
78-->[com.google.android.gms:play-services-measurement:17.2.3] AndroidManifest.xml:51:13-37
79            android:permission="android.permission.BIND_JOB_SERVICE" />
79-->[com.google.android.gms:play-services-measurement:17.2.3] AndroidManifest.xml:52:13-69
80        <service
80-->[com.google.android.gms:play-services-measurement-api:17.2.3] AndroidManifest.xml:27:9-33:19
81            android:name="com.google.firebase.components.ComponentDiscoveryService"
81-->[com.google.android.gms:play-services-measurement-api:17.2.3] AndroidManifest.xml:28:13-84
82            android:directBootAware="true"
82-->[com.google.firebase:firebase-common:19.3.0] AndroidManifest.xml:34:13-43
83            android:exported="false" >
83-->[com.google.android.gms:play-services-measurement-api:17.2.3] AndroidManifest.xml:29:13-37
84            <meta-data
84-->[com.google.android.gms:play-services-measurement-api:17.2.3] AndroidManifest.xml:30:13-32:85
85                android:name="com.google.firebase.components:com.google.firebase.analytics.connector.internal.AnalyticsConnectorRegistrar"
85-->[com.google.android.gms:play-services-measurement-api:17.2.3] AndroidManifest.xml:31:17-139
86                android:value="com.google.firebase.components.ComponentRegistrar" />
86-->[com.google.android.gms:play-services-measurement-api:17.2.3] AndroidManifest.xml:32:17-82
87            <meta-data
87-->[com.google.firebase:firebase-iid:20.0.2] AndroidManifest.xml:32:13-34:85
88                android:name="com.google.firebase.components:com.google.firebase.iid.Registrar"
88-->[com.google.firebase:firebase-iid:20.0.2] AndroidManifest.xml:33:17-96
89                android:value="com.google.firebase.components.ComponentRegistrar" />
89-->[com.google.firebase:firebase-iid:20.0.2] AndroidManifest.xml:34:17-82
90        </service>
91
92        <receiver
92-->[com.google.firebase:firebase-iid:20.0.2] AndroidManifest.xml:37:9-44:20
93            android:name="com.google.firebase.iid.FirebaseInstanceIdReceiver"
93-->[com.google.firebase:firebase-iid:20.0.2] AndroidManifest.xml:38:13-78
94            android:exported="true"
94-->[com.google.firebase:firebase-iid:20.0.2] AndroidManifest.xml:39:13-36
95            android:permission="com.google.android.c2dm.permission.SEND" >
95-->[com.google.firebase:firebase-iid:20.0.2] AndroidManifest.xml:40:13-73
96            <intent-filter>
96-->[com.google.firebase:firebase-iid:20.0.2] AndroidManifest.xml:41:13-43:29
97                <action android:name="com.google.android.c2dm.intent.RECEIVE" />
97-->[com.google.firebase:firebase-iid:20.0.2] AndroidManifest.xml:42:17-81
97-->[com.google.firebase:firebase-iid:20.0.2] AndroidManifest.xml:42:25-78
98            </intent-filter>
99        </receiver>
100
101        <provider
101-->[com.google.firebase:firebase-common:19.3.0] AndroidManifest.xml:26:9-30:39
102            android:name="com.google.firebase.provider.FirebaseInitProvider"
102-->[com.google.firebase:firebase-common:19.3.0] AndroidManifest.xml:27:13-77
103            android:authorities="com.example.myapplication.firebaseinitprovider"
103-->[com.google.firebase:firebase-common:19.3.0] AndroidManifest.xml:28:13-72
104            android:exported="false"
104-->[com.google.firebase:firebase-common:19.3.0] AndroidManifest.xml:29:13-37
105            android:initOrder="100" />
105-->[com.google.firebase:firebase-common:19.3.0] AndroidManifest.xml:30:13-36
106
107        <activity
107-->[com.google.android.gms:play-services-base:17.0.0] AndroidManifest.xml:23:9-26:75
108            android:name="com.google.android.gms.common.api.GoogleApiActivity"
108-->[com.google.android.gms:play-services-base:17.0.0] AndroidManifest.xml:24:13-79
109            android:exported="false"
109-->[com.google.android.gms:play-services-base:17.0.0] AndroidManifest.xml:25:13-37
110            android:theme="@android:style/Theme.Translucent.NoTitleBar" />
110-->[com.google.android.gms:play-services-base:17.0.0] AndroidManifest.xml:26:13-72
111
112        <meta-data
112-->[com.google.android.gms:play-services-basement:17.0.0] AndroidManifest.xml:23:9-25:69
113            android:name="com.google.android.gms.version"
113-->[com.google.android.gms:play-services-basement:17.0.0] AndroidManifest.xml:24:13-58
114            android:value="@integer/google_play_services_version" />
114-->[com.google.android.gms:play-services-basement:17.0.0] AndroidManifest.xml:25:13-66
115    </application>
116
117</manifest>